<?xml version="1.0" encoding="UTF-8"?>
<testsuite name="com.baronheid.reactivekotlin.handler.SampleHandlerTest" tests="1" skipped="0" failures="0" errors="0" timestamp="2021-01-26T11:17:24" hostname="baronheid-Latitude-3400" time="0.898">
  <properties/>
  <testcase name="Flux approach test()" classname="com.baronheid.reactivekotlin.handler.SampleHandlerTest" time="0.898"/>
  <system-out><![CDATA[08:17:19.700 [Test worker] DEBUG org.springframework.test.context.BootstrapUtils - Instantiating CacheAwareContextLoaderDelegate from class [org.springframework.test.context.cache.DefaultCacheAwareContextLoaderDelegate]
08:17:19.723 [Test worker] DEBUG org.springframework.test.context.BootstrapUtils - Instantiating BootstrapContext using constructor [public org.springframework.test.context.support.DefaultBootstrapContext(java.lang.Class,org.springframework.test.context.CacheAwareContextLoaderDelegate)]
08:17:19.801 [Test worker] DEBUG org.springframework.test.context.BootstrapUtils - Instantiating TestContextBootstrapper for test class [com.baronheid.reactivekotlin.handler.SampleHandlerTest] from class [org.springframework.boot.test.context.SpringBootTestContextBootstrapper]
08:17:19.819 [Test worker] INFO org.springframework.boot.test.context.SpringBootTestContextBootstrapper - Neither @ContextConfiguration nor @ContextHierarchy found for test class [com.baronheid.reactivekotlin.handler.SampleHandlerTest], using SpringBootContextLoader
08:17:19.824 [Test worker] DEBUG org.springframework.test.context.support.AbstractContextLoader - Did not detect default resource location for test class [com.baronheid.reactivekotlin.handler.SampleHandlerTest]: class path resource [com/baronheid/reactivekotlin/handler/SampleHandlerTest-context.xml] does not exist
08:17:19.825 [Test worker] DEBUG org.springframework.test.context.support.AbstractContextLoader - Did not detect default resource location for test class [com.baronheid.reactivekotlin.handler.SampleHandlerTest]: class path resource [com/baronheid/reactivekotlin/handler/SampleHandlerTestContext.groovy] does not exist
08:17:19.826 [Test worker] INFO org.springframework.test.context.support.AbstractContextLoader - Could not detect default resource locations for test class [com.baronheid.reactivekotlin.handler.SampleHandlerTest]: no resource found for suffixes {-context.xml, Context.groovy}.
08:17:19.828 [Test worker] INFO org.springframework.test.context.support.AnnotationConfigContextLoaderUtils - Could not detect default configuration classes for test class [com.baronheid.reactivekotlin.handler.SampleHandlerTest]: SampleHandlerTest does not declare any static, non-private, non-final, nested classes annotated with @Configuration.
08:17:19.910 [Test worker] DEBUG org.springframework.test.context.support.ActiveProfilesUtils - Could not find an 'annotation declaring class' for annotation type [org.springframework.test.context.ActiveProfiles] and class [com.baronheid.reactivekotlin.handler.SampleHandlerTest]
08:17:19.987 [Test worker] DEBUG org.springframework.context.annotation.ClassPathScanningCandidateComponentProvider - Identified candidate component class: file [/home/baronheid/IdeaProjects/reactive-kotlin/build/classes/kotlin/main/com/baronheid/reactivekotlin/ReactiveKotlinApplication.class]
08:17:19.989 [Test worker] INFO org.springframework.boot.test.context.SpringBootTestContextBootstrapper - Found @SpringBootConfiguration com.baronheid.reactivekotlin.ReactiveKotlinApplication for test class com.baronheid.reactivekotlin.handler.SampleHandlerTest
08:17:20.112 [Test worker] DEBUG org.springframework.boot.test.context.SpringBootTestContextBootstrapper - @TestExecutionListeners is not present for class [com.baronheid.reactivekotlin.handler.SampleHandlerTest]: using defaults.
08:17:20.113 [Test worker] INFO org.springframework.boot.test.context.SpringBootTestContextBootstrapper - Loaded default TestExecutionListener class names from location [META-INF/spring.factories]: [org.springframework.boot.test.autoconfigure.restdocs.RestDocsTestExecutionListener, org.springframework.boot.test.autoconfigure.web.client.MockRestServiceServerResetTestExecutionListener, org.springframework.boot.test.autoconfigure.web.servlet.MockMvcPrintOnlyOnFailureTestExecutionListener, org.springframework.boot.test.autoconfigure.web.servlet.WebDriverTestExecutionListener, org.springframework.boot.test.autoconfigure.webservices.client.MockWebServiceServerTestExecutionListener, org.springframework.boot.test.mock.mockito.MockitoTestExecutionListener, org.springframework.boot.test.mock.mockito.ResetMocksTestExecutionListener, org.springframework.test.context.web.ServletTestExecutionListener, org.springframework.test.context.support.DirtiesContextBeforeModesTestExecutionListener, org.springframework.test.context.support.DependencyInjectionTestExecutionListener, org.springframework.test.context.support.DirtiesContextTestExecutionListener, org.springframework.test.context.transaction.TransactionalTestExecutionListener, org.springframework.test.context.jdbc.SqlScriptsTestExecutionListener, org.springframework.test.context.event.EventPublishingTestExecutionListener]
08:17:20.127 [Test worker] DEBUG org.springframework.boot.test.context.SpringBootTestContextBootstrapper - Skipping candidate TestExecutionListener [org.springframework.test.context.web.ServletTestExecutionListener] due to a missing dependency. Specify custom listener classes or make the default listener classes and their required dependencies available. Offending class: [javax/servlet/ServletContext]
08:17:20.137 [Test worker] INFO org.springframework.boot.test.context.SpringBootTestContextBootstrapper - Using TestExecutionListeners: [org.springframework.test.context.support.DirtiesContextBeforeModesTestExecutionListener@5c410978, org.springframework.boot.test.mock.mockito.MockitoTestExecutionListener@161c3b08, org.springframework.boot.test.autoconfigure.SpringBootDependencyInjectionTestExecutionListener@2695133e, org.springframework.test.context.support.DirtiesContextTestExecutionListener@38e565fe, org.springframework.test.context.transaction.TransactionalTestExecutionListener@6c3ba153, org.springframework.test.context.jdbc.SqlScriptsTestExecutionListener@1b0803a7, org.springframework.test.context.event.EventPublishingTestExecutionListener@150aef1b, org.springframework.boot.test.autoconfigure.restdocs.RestDocsTestExecutionListener@6d3b2d1, org.springframework.boot.test.autoconfigure.web.client.MockRestServiceServerResetTestExecutionListener@37d3ba61, org.springframework.boot.test.autoconfigure.web.servlet.MockMvcPrintOnlyOnFailureTestExecutionListener@6c9d9207, org.springframework.boot.test.autoconfigure.web.servlet.WebDriverTestExecutionListener@2eaddab8, org.springframework.boot.test.autoconfigure.webservices.client.MockWebServiceServerTestExecutionListener@3573a086, org.springframework.boot.test.mock.mockito.ResetMocksTestExecutionListener@1fd904fb]
08:17:20.141 [Test worker] DEBUG org.springframework.test.context.support.AbstractDirtiesContextTestExecutionListener - Before test class: context [DefaultTestContext@50d3cad6 testClass = SampleHandlerTest, testInstance = [null], testMethod = [null], testException = [null], mergedContextConfiguration = [ReactiveWebMergedContextConfiguration@11436dbd testClass = SampleHandlerTest, locations = '{}', classes = '{class com.baronheid.reactivekotlin.ReactiveKotlinApplication}', contextInitializerClasses = '[]', activeProfiles = '{}', propertySourceLocations = '{}', propertySourceProperties = '{org.springframework.boot.test.context.SpringBootTestContextBootstrapper=true}', contextCustomizers = set[org.springframework.boot.test.autoconfigure.actuate.metrics.MetricsExportContextCustomizerFactory$DisableMetricExportContextCustomizer@2add126, org.springframework.boot.test.autoconfigure.properties.PropertyMappingContextCustomizer@ec54a5c9, org.springframework.boot.test.autoconfigure.web.servlet.WebDriverContextCustomizerFactory$Customizer@11cef2c2, [ImportsContextCustomizer@fbee2c5 key = [org.springframework.boot.autoconfigure.security.oauth2.client.reactive.ReactiveOAuth2ClientAutoConfiguration, org.springframework.boot.autoconfigure.security.oauth2.resource.reactive.ReactiveOAuth2ResourceServerAutoConfiguration, org.springframework.boot.autoconfigure.security.reactive.ReactiveSecurityAutoConfiguration, org.springframework.boot.autoconfigure.security.reactive.ReactiveUserDetailsServiceAutoConfiguration, org.springframework.boot.test.autoconfigure.web.reactive.WebTestClientAutoConfiguration]], org.springframework.boot.test.context.filter.ExcludeFilterContextCustomizer@66ace269, org.springframework.boot.test.json.DuplicateJsonObjectContextCustomizerFactory$DuplicateJsonObjectContextCustomizer@67a6cf20, org.springframework.boot.test.mock.mockito.MockitoContextCustomizer@0, org.springframework.boot.test.web.client.TestRestTemplateContextCustomizer@595efe62, org.springframework.boot.test.web.reactive.server.WebTestClientContextCustomizer@3d9a6361, org.springframework.boot.test.context.SpringBootTestArgs@1, org.springframework.boot.test.context.SpringBootTestWebEnvironment@39252434], contextLoader = 'org.springframework.boot.test.context.SpringBootContextLoader', parent = [null]], attributes = map[[empty]]], class annotated with @DirtiesContext [false] with mode [null].
08:17:20.157 [Test worker] DEBUG org.springframework.test.context.support.DependencyInjectionTestExecutionListener - Performing dependency injection for test context [[DefaultTestContext@50d3cad6 testClass = SampleHandlerTest, testInstance = com.baronheid.reactivekotlin.handler.SampleHandlerTest@2be2c1be, testMethod = [null], testException = [null], mergedContextConfiguration = [ReactiveWebMergedContextConfiguration@11436dbd testClass = SampleHandlerTest, locations = '{}', classes = '{class com.baronheid.reactivekotlin.ReactiveKotlinApplication}', contextInitializerClasses = '[]', activeProfiles = '{}', propertySourceLocations = '{}', propertySourceProperties = '{org.springframework.boot.test.context.SpringBootTestContextBootstrapper=true}', contextCustomizers = set[org.springframework.boot.test.autoconfigure.actuate.metrics.MetricsExportContextCustomizerFactory$DisableMetricExportContextCustomizer@2add126, org.springframework.boot.test.autoconfigure.properties.PropertyMappingContextCustomizer@ec54a5c9, org.springframework.boot.test.autoconfigure.web.servlet.WebDriverContextCustomizerFactory$Customizer@11cef2c2, [ImportsContextCustomizer@fbee2c5 key = [org.springframework.boot.autoconfigure.security.oauth2.client.reactive.ReactiveOAuth2ClientAutoConfiguration, org.springframework.boot.autoconfigure.security.oauth2.resource.reactive.ReactiveOAuth2ResourceServerAutoConfiguration, org.springframework.boot.autoconfigure.security.reactive.ReactiveSecurityAutoConfiguration, org.springframework.boot.autoconfigure.security.reactive.ReactiveUserDetailsServiceAutoConfiguration, org.springframework.boot.test.autoconfigure.web.reactive.WebTestClientAutoConfiguration]], org.springframework.boot.test.context.filter.ExcludeFilterContextCustomizer@66ace269, org.springframework.boot.test.json.DuplicateJsonObjectContextCustomizerFactory$DuplicateJsonObjectContextCustomizer@67a6cf20, org.springframework.boot.test.mock.mockito.MockitoContextCustomizer@0, org.springframework.boot.test.web.client.TestRestTemplateContextCustomizer@595efe62, org.springframework.boot.test.web.reactive.server.WebTestClientContextCustomizer@3d9a6361, org.springframework.boot.test.context.SpringBootTestArgs@1, org.springframework.boot.test.context.SpringBootTestWebEnvironment@39252434], contextLoader = 'org.springframework.boot.test.context.SpringBootContextLoader', parent = [null]], attributes = map[[empty]]]].
08:17:20.192 [Test worker] DEBUG org.springframework.test.context.support.TestPropertySourceUtils - Adding inlined properties to environment: {spring.jmx.enabled=false, org.springframework.boot.test.context.SpringBootTestContextBootstrapper=true}

  .   ____          _            __ _ _
 /\\ / ___'_ __ _ _(_)_ __  __ _ \ \ \ \
( ( )\___ | '_ | '_| | '_ \/ _` | \ \ \ \
 \\/  ___)| |_)| | | | | || (_| |  ) ) ) )
  '  |____| .__|_| |_|_| |_\__, | / / / /
 =========|_|==============|___/=/_/_/_/
 :: Spring Boot ::                (v2.4.0)

2021-01-26 08:17:20.649  INFO 18714 --- [    Test worker] c.b.r.handler.SampleHandlerTest          : Starting SampleHandlerTest using Java 14.0.2 on baronheid-Latitude-3400 with PID 18714 (started by baronheid in /home/baronheid/IdeaProjects/reactive-kotlin)
2021-01-26 08:17:20.656  INFO 18714 --- [    Test worker] c.b.r.handler.SampleHandlerTest          : No active profile set, falling back to default profiles: default
2021-01-26 08:17:21.730  INFO 18714 --- [    Test worker] .s.d.r.c.RepositoryConfigurationDelegate : Bootstrapping Spring Data Reactive MongoDB repositories in DEFAULT mode.
2021-01-26 08:17:21.757  INFO 18714 --- [    Test worker] .s.d.r.c.RepositoryConfigurationDelegate : Finished Spring Data repository scanning in 21 ms. Found 0 Reactive MongoDB repository interfaces.
2021-01-26 08:17:23.301  INFO 18714 --- [       Thread-6] o.s.b.a.mongo.embedded.EmbeddedMongo     : note: noprealloc may hurt performance in many applications
2021-01-26 08:17:23.305  INFO 18714 --- [       Thread-6] o.s.b.a.mongo.embedded.EmbeddedMongo     : 2021-01-26T08:17:23.304-0300 I CONTROL  [initandlisten] MongoDB starting : pid=18765 port=45347 dbpath=/tmp/embedmongo-db-28c41c6b-7828-42fc-92ea-3c429cacc3b0 64-bit host=baronheid-Latitude-3400
2021-01-26 08:17:23.305  INFO 18714 --- [       Thread-6] o.s.b.a.mongo.embedded.EmbeddedMongo     : 2021-01-26T08:17:23.305-0300 I CONTROL  [initandlisten] db version v3.5.5
2021-01-26 08:17:23.305  INFO 18714 --- [       Thread-6] o.s.b.a.mongo.embedded.EmbeddedMongo     : 2021-01-26T08:17:23.305-0300 I CONTROL  [initandlisten] git version: 98515c812b6fa893613f063dae568ff8319cbfbd
2021-01-26 08:17:23.306  INFO 18714 --- [       Thread-6] o.s.b.a.mongo.embedded.EmbeddedMongo     : 2021-01-26T08:17:23.305-0300 I CONTROL  [initandlisten] allocator: tcmalloc
2021-01-26 08:17:23.306  INFO 18714 --- [       Thread-6] o.s.b.a.mongo.embedded.EmbeddedMongo     : 2021-01-26T08:17:23.305-0300 I CONTROL  [initandlisten] modules: none
2021-01-26 08:17:23.306  INFO 18714 --- [       Thread-6] o.s.b.a.mongo.embedded.EmbeddedMongo     : 2021-01-26T08:17:23.305-0300 I CONTROL  [initandlisten] build environment:
2021-01-26 08:17:23.306  INFO 18714 --- [       Thread-6] o.s.b.a.mongo.embedded.EmbeddedMongo     : 2021-01-26T08:17:23.305-0300 I CONTROL  [initandlisten]     distarch: x86_64
2021-01-26 08:17:23.307  INFO 18714 --- [       Thread-6] o.s.b.a.mongo.embedded.EmbeddedMongo     : 2021-01-26T08:17:23.305-0300 I CONTROL  [initandlisten]     target_arch: x86_64
2021-01-26 08:17:23.307  INFO 18714 --- [       Thread-6] o.s.b.a.mongo.embedded.EmbeddedMongo     : 2021-01-26T08:17:23.305-0300 I CONTROL  [initandlisten] options: { net: { bindIp: "127.0.0.1", http: { enabled: false }, port: 45347 }, security: { authorization: "disabled" }, storage: { dbPath: "/tmp/embedmongo-db-28c41c6b-7828-42fc-92ea-3c429cacc3b0", journal: { enabled: false }, mmapv1: { preallocDataFiles: false, smallFiles: true }, syncPeriodSecs: 0.0 } }
2021-01-26 08:17:23.312  INFO 18714 --- [       Thread-6] o.s.b.a.mongo.embedded.EmbeddedMongo     : 2021-01-26T08:17:23.312-0300 I STORAGE  [initandlisten] 
2021-01-26 08:17:23.312  INFO 18714 --- [       Thread-6] o.s.b.a.mongo.embedded.EmbeddedMongo     : 2021-01-26T08:17:23.312-0300 I STORAGE  [initandlisten] ** WARNING: Using the XFS filesystem is strongly recommended with the WiredTiger storage engine
2021-01-26 08:17:23.313  INFO 18714 --- [       Thread-6] o.s.b.a.mongo.embedded.EmbeddedMongo     : 2021-01-26T08:17:23.312-0300 I STORAGE  [initandlisten] **          See http://dochub.mongodb.org/core/prodnotes-filesystem
2021-01-26 08:17:23.313  INFO 18714 --- [       Thread-6] o.s.b.a.mongo.embedded.EmbeddedMongo     : 2021-01-26T08:17:23.312-0300 I STORAGE  [initandlisten] wiredtiger_open config: create,cache_size=7429M,session_max=20000,eviction=(threads_min=4,threads_max=4),config_base=false,statistics=(fast),log=(enabled=true,archive=true,path=journal,compressor=snappy),file_manager=(close_idle_time=100000),checkpoint=(wait=0,log_size=2GB),statistics_log=(wait=0),verbose=(recovery_progress),,log=(enabled=false),
2021-01-26 08:17:23.363  INFO 18714 --- [       Thread-6] o.s.b.a.mongo.embedded.EmbeddedMongo     : 2021-01-26T08:17:23.362-0300 W STORAGE  [initandlisten] Detected configuration for non-active storage engine mmapv1 when current storage engine is wiredTiger
2021-01-26 08:17:23.363  INFO 18714 --- [       Thread-6] o.s.b.a.mongo.embedded.EmbeddedMongo     : 2021-01-26T08:17:23.362-0300 I CONTROL  [initandlisten] 
2021-01-26 08:17:23.364  INFO 18714 --- [       Thread-6] o.s.b.a.mongo.embedded.EmbeddedMongo     : 2021-01-26T08:17:23.362-0300 I CONTROL  [initandlisten] ** NOTE: This is a development version (3.5.5) of MongoDB.
2021-01-26 08:17:23.364  INFO 18714 --- [       Thread-6] o.s.b.a.mongo.embedded.EmbeddedMongo     : 2021-01-26T08:17:23.362-0300 I CONTROL  [initandlisten] **       Not recommended for production.
2021-01-26 08:17:23.365  INFO 18714 --- [       Thread-6] o.s.b.a.mongo.embedded.EmbeddedMongo     : 2021-01-26T08:17:23.362-0300 I CONTROL  [initandlisten] 
2021-01-26 08:17:23.365  INFO 18714 --- [       Thread-6] o.s.b.a.mongo.embedded.EmbeddedMongo     : 2021-01-26T08:17:23.363-0300 I CONTROL  [initandlisten] 
2021-01-26 08:17:23.366  INFO 18714 --- [       Thread-6] o.s.b.a.mongo.embedded.EmbeddedMongo     : 2021-01-26T08:17:23.363-0300 I CONTROL  [initandlisten] ** WARNING: soft rlimits too low. rlimits set to 63240 processes, 1048576 files. Number of processes should be at least 524288 : 0.5 times number of files.
2021-01-26 08:17:23.375  INFO 18714 --- [       Thread-6] o.s.b.a.mongo.embedded.EmbeddedMongo     : 2021-01-26T08:17:23.375-0300 I FTDC     [initandlisten] Initializing full-time diagnostic data capture with directory '/tmp/embedmongo-db-28c41c6b-7828-42fc-92ea-3c429cacc3b0/diagnostic.data'
2021-01-26 08:17:23.393  INFO 18714 --- [       Thread-6] o.s.b.a.mongo.embedded.EmbeddedMongo     : 2021-01-26T08:17:23.393-0300 I INDEX    [initandlisten] build index on: admin.system.version properties: { v: 2, key: { version: 1 }, name: "incompatible_with_version_32", ns: "admin.system.version" }
2021-01-26 08:17:23.394  INFO 18714 --- [       Thread-6] o.s.b.a.mongo.embedded.EmbeddedMongo     : 2021-01-26T08:17:23.393-0300 I INDEX    [initandlisten] 	 building index using bulk method; build may temporarily use up to 500 megabytes of RAM
2021-01-26 08:17:23.395  INFO 18714 --- [       Thread-6] o.s.b.a.mongo.embedded.EmbeddedMongo     : 2021-01-26T08:17:23.394-0300 I INDEX    [initandlisten] build index done.  scanned 0 total records. 0 secs
2021-01-26 08:17:23.396  INFO 18714 --- [       Thread-6] o.s.b.a.mongo.embedded.EmbeddedMongo     : 2021-01-26T08:17:23.395-0300 I COMMAND  [initandlisten] setting featureCompatibilityVersion to 3.4
2021-01-26 08:17:23.396  INFO 18714 --- [       Thread-6] o.s.b.a.mongo.embedded.EmbeddedMongo     : 2021-01-26T08:17:23.396-0300 I NETWORK  [thread1] waiting for connections on port 45347
2021-01-26 08:17:23.397  INFO 18714 --- [    Test worker] d.f.embed.mongo.MongodExecutable         : start de.flapdoodle.embed.mongo.config.MongodConfigBuilder$ImmutableMongodConfig@14d6c6ac
2021-01-26 08:17:23.528  INFO 18714 --- [    Test worker] org.mongodb.driver.cluster               : Cluster created with settings {hosts=[localhost:45347], mode=SINGLE, requiredClusterType=UNKNOWN, serverSelectionTimeout='30000 ms'}
2021-01-26 08:17:23.681  INFO 18714 --- [       Thread-6] o.s.b.a.mongo.embedded.EmbeddedMongo     : 2021-01-26T08:17:23.681-0300 I NETWORK  [thread1] connection accepted from 127.0.0.1:53766 #1 (1 connection now open)
2021-01-26 08:17:23.682  INFO 18714 --- [       Thread-6] o.s.b.a.mongo.embedded.EmbeddedMongo     : 2021-01-26T08:17:23.681-0300 I NETWORK  [thread1] connection accepted from 127.0.0.1:53768 #2 (2 connections now open)
2021-01-26 08:17:23.766  INFO 18714 --- [       Thread-6] o.s.b.a.mongo.embedded.EmbeddedMongo     : 2021-01-26T08:17:23.766-0300 I NETWORK  [conn1] received client metadata from 127.0.0.1:53766 conn1: { driver: { name: "mongo-java-driver|reactive-streams|spring-boot", version: "4.1.1" }, os: { type: "Linux", name: "Linux", architecture: "amd64", version: "5.4.0-56-generic" }, platform: "Java/Oracle Corporation/14.0.2+12-46" }
2021-01-26 08:17:23.767  INFO 18714 --- [       Thread-6] o.s.b.a.mongo.embedded.EmbeddedMongo     : 2021-01-26T08:17:23.766-0300 I NETWORK  [conn2] received client metadata from 127.0.0.1:53768 conn2: { driver: { name: "mongo-java-driver|reactive-streams|spring-boot", version: "4.1.1" }, os: { type: "Linux", name: "Linux", architecture: "amd64", version: "5.4.0-56-generic" }, platform: "Java/Oracle Corporation/14.0.2+12-46" }
2021-01-26 08:17:23.825  INFO 18714 --- [localhost:45347] org.mongodb.driver.connection            : Opened connection [connectionId{localValue:2, serverValue:2}] to localhost:45347
2021-01-26 08:17:23.825  INFO 18714 --- [localhost:45347] org.mongodb.driver.connection            : Opened connection [connectionId{localValue:1, serverValue:1}] to localhost:45347
2021-01-26 08:17:23.829  INFO 18714 --- [localhost:45347] org.mongodb.driver.cluster               : Monitor thread successfully connected to server with description ServerDescription{address=localhost:45347, type=STANDALONE, state=CONNECTED, ok=true, minWireVersion=0, maxWireVersion=5, maxDocumentSize=16777216, logicalSessionTimeoutMinutes=null, roundTripTimeNanos=132601488}
2021-01-26 08:17:24.122  INFO 18714 --- [    Test worker] c.b.r.handler.SampleHandlerTest          : Started SampleHandlerTest in 3.909 seconds (JVM running for 6.051)
2021-01-26 08:17:24.923  INFO 18714 --- [     parallel-1] reactor.Flux.Iterable.1                  : | onSubscribe([Synchronous Fuseable] FluxIterable.IterableSubscription)
2021-01-26 08:17:24.924  INFO 18714 --- [     parallel-1] reactor.Flux.Iterable.1                  : | request(1)
2021-01-26 08:17:24.925  INFO 18714 --- [     parallel-1] reactor.Flux.Iterable.1                  : | onNext(1)
2021-01-26 08:17:25.023  INFO 18714 --- [    Test worker] reactor.Flux.Iterable.1                  : | request(31)
2021-01-26 08:17:25.024  INFO 18714 --- [    Test worker] reactor.Flux.Iterable.1                  : | onNext(2)
2021-01-26 08:17:25.025  INFO 18714 --- [    Test worker] reactor.Flux.Iterable.1                  : | onNext(3)
2021-01-26 08:17:25.025  INFO 18714 --- [    Test worker] reactor.Flux.Iterable.1                  : | onNext(4)
2021-01-26 08:17:25.027  INFO 18714 --- [    Test worker] reactor.Flux.Iterable.1                  : | onComplete()
]]></system-out>
  <system-err><![CDATA[]]></system-err>
</testsuite>
